Using pre-set license
Built from '2020.3/staging' branch; Version is '2020.3.0f1 (c7b5465681fb) revision 13088070'; Using compiler version '192528614'; Build Type 'Release'
OS: 'Windows 10 Home; OS build 19042.1348; Version 2009; 64bit' Language: 'en' Physical Memory: 15970 MB
BatchMode: 1, IsHumanControllingUs: 0, StartBugReporterOnCrash: 0, Is64bit: 1, IsPro: 0

 COMMAND LINE ARGUMENTS:
C:\Program Files\Unity\Hub\Editor\2020.3.0f1\Editor\Unity.exe
-adb2
-batchMode
-noUpm
-name
AssetImportWorker5
-projectPath
C:/Users/csviv/Desktop/unity/brainGame
-logFile
Logs/AssetImportWorker5.log
-srvPort
50095
Successfully changed project path to: C:/Users/csviv/Desktop/unity/brainGame
C:/Users/csviv/Desktop/unity/brainGame
Using Asset Import Pipeline V2.
Refreshing native plugins compatible for Editor in 271.10 ms, found 1 plugins.
Preloading 0 native plugins for Editor in 0.00 ms.
Initialize engine version: 2020.3.0f1 (c7b5465681fb)
[Subsystems] Discovering subsystems at path C:/Program Files/Unity/Hub/Editor/2020.3.0f1/Editor/Data/Resources/UnitySubsystems
[Subsystems] Discovering subsystems at path C:/Users/csviv/Desktop/unity/brainGame/Assets
GfxDevice: creating device client; threaded=0
Direct3D:
    Version:  Direct3D 11.0 [level 11.1]
    Renderer: Intel(R) Iris(R) Plus Graphics (ID=0x8a52)
    Vendor:   
    VRAM:     7985 MB
    Driver:   27.20.100.9621
Shader 'Universal Render Pipeline/Particles/Lit': fallback shader 'Universal Render Pipeline/Particles/SimpleLit' not found
Initialize mono
Mono path[0] = 'C:/Program Files/Unity/Hub/Editor/2020.3.0f1/Editor/Data/Managed'
Mono path[1] = 'C:/Program Files/Unity/Hub/Editor/2020.3.0f1/Editor/Data/MonoBleedingEdge/lib/mono/unityjit'
Mono config path = 'C:/Program Files/Unity/Hub/Editor/2020.3.0f1/Editor/Data/MonoBleedingEdge/etc'
Using monoOptions --debugger-agent=transport=dt_socket,embedding=1,server=y,suspend=n,address=127.0.0.1:56484
Begin MonoManager ReloadAssembly
Registering precompiled unity dll's ...
Register platform support module: C:/Program Files/Unity/Hub/Editor/2020.3.0f1/Editor/Data/PlaybackEngines/WebGLSupport/UnityEditor.WebGL.Extensions.dll
Register platform support module: C:/Program Files/Unity/Hub/Editor/2020.3.0f1/Editor/Data/PlaybackEngines/WindowsStandaloneSupport/UnityEditor.WindowsStandalone.Extensions.dll
Registered in 0.006621 seconds.
Native extension for WindowsStandalone target not found
Native extension for WebGL target not found
Refreshing native plugins compatible for Editor in 313.09 ms, found 1 plugins.
Preloading 0 native plugins for Editor in 0.00 ms.
Invoked RoslynAnalysisRunner static constructor.
RoslynAnalysisRunner will not be running.
RoslynAnalysisRunner has terminated.
Mono: successfully reloaded assembly
- Completed reload, in  4.336 seconds
Platform modules already initialized, skipping
Registering precompiled user dll's ...
Registered in 0.010124 seconds.
Begin MonoManager ReloadAssembly
Native extension for WindowsStandalone target not found
Native extension for WebGL target not found
Refreshing native plugins compatible for Editor in 356.76 ms, found 1 plugins.
Preloading 0 native plugins for Editor in 0.00 ms.
Invoked RoslynAnalysisRunner static constructor.
RoslynAnalysisRunner will not be running.
RoslynAnalysisRunner has terminated.
Mono: successfully reloaded assembly
- Completed reload, in 10.055 seconds
Platform modules already initialized, skipping
========================================================================
Worker process is ready to serve import requests
Shader 'Universal Render Pipeline/Particles/Lit': fallback shader 'Universal Render Pipeline/Particles/SimpleLit' not found
Launched and connected shader compiler UnityShaderCompiler.exe after 0.22 seconds
Refreshing native plugins compatible for Editor in 2.10 ms, found 1 plugins.
Preloading 0 native plugins for Editor in 0.00 ms.
Unloading 4481 Unused Serialized files (Serialized files now loaded: 0)
System memory in use before: 181.7 MB.
System memory in use after: 181.9 MB.

Unloading 111 unused Assets to reduce memory usage. Loaded Objects now: 4920.
Total: 9.071800 ms (FindLiveObjects: 1.944700 ms CreateObjectMapping: 0.575500 ms MarkObjects: 6.198600 ms  DeleteObjects: 0.348200 ms)

========================================================================
Received Import Request.
  path: Assets/LogController.cs
  artifactKey: Guid(7216f5f04d5ab99469a50c1952ab7afd) Importer(815301076,1909f56bfc062723c751e8b465ee728b)
Start importing Assets/LogController.cs using Guid(7216f5f04d5ab99469a50c1952ab7afd) Importer(815301076,1909f56bfc062723c751e8b465ee728b)  -> (artifact id: '610fb4b34abfc2c87db96ccdde01c2d3') in 0.228169 seconds
  Import took 0.247466 seconds .

========================================================================
Received Import Request.
  Time since last request: 0.028737 seconds.
  path: Assets/prefabs/UI/log bg.prefab
  artifactKey: Guid(e7e9971e960990b4f8ef6b910c2b6741) Importer(815301076,1909f56bfc062723c751e8b465ee728b)
Start importing Assets/prefabs/UI/log bg.prefab using Guid(e7e9971e960990b4f8ef6b910c2b6741) Importer(815301076,1909f56bfc062723c751e8b465ee728b)  -> (artifact id: 'c1ed16e26f06688b6a831dd993e7fe56') in 2.173399 seconds
  Import took 2.222756 seconds .

========================================================================
Received Import Request.
  Time since last request: 0.000673 seconds.
  path: Assets/LogPanel.cs
  artifactKey: Guid(b0d94a8a68cc6e74e91632dfb76a31c6) Importer(815301076,1909f56bfc062723c751e8b465ee728b)
Start importing Assets/LogPanel.cs using Guid(b0d94a8a68cc6e74e91632dfb76a31c6) Importer(815301076,1909f56bfc062723c751e8b465ee728b)  -> (artifact id: '5a2329e89d651273d0c7c5fa708d75fb') in 0.056477 seconds
  Import took 0.076661 seconds .

